MIDIDriver/build/outputs/logs/manifest-merger-debug-report.txt
-- Merging decision tree log ---
manifest
ADDED from YG\MIDIDriver\AndroidManifest.xml:2:1-9:12
INJECTED from YG\MIDIDriver\AndroidManifest.xml:2:1-9:12
INJECTED from YG\MIDIDriver\AndroidManifest.xml:2:1-9:12
INJECTED from YG\MIDIDriver\AndroidManifest.xml:2:1-9:12
INJECTED from YG\MIDIDriver\AndroidManifest.xml:2:1-9:12
INJECTED from YG\MIDIDriver\AndroidManifest.xml:2:1-9:12
INJECTED from YG\MIDIDriver\AndroidManifest.xml:2:1-9:12
	package
		ADDED from YG\MIDIDriver\AndroidManifest.xml:3:5-36
		INJECTED from YG\MIDIDriver\AndroidManifest.xml
		INJECTED from YG\MIDIDriver\AndroidManifest.xml
	android:versionName
		ADDED from YG\MIDIDriver\AndroidManifest.xml:5:5-32
		INJECTED from YG\MIDIDriver\AndroidManifest.xml
		INJECTED from YG\MIDIDriver\AndroidManifest.xml
	xmlns:android
		ADDED from YG\MIDIDriver\AndroidManifest.xml:2:11-69
	android:versionCode
		ADDED from YG\MIDIDriver\AndroidManifest.xml:4:5-28
		INJECTED from YG\MIDIDriver\AndroidManifest.xml
		INJECTED from YG\MIDIDriver\AndroidManifest.xml
uses-sdk
ADDED from YG\MIDIDriver\AndroidManifest.xml:7:5-44
INJECTED from YG\MIDIDriver\AndroidManifest.xml:7:5-44
INJECTED from YG\MIDIDriver\AndroidManifest.xml:7:5-44
	android:minSdkVersion
		ADDED from YG\MIDIDriver\AndroidManifest.xml:7:15-41
		INJECTED from YG\MIDIDriver\AndroidManifest.xml
		INJECTED from YG\MIDIDriver\AndroidManifest.xml